<?xml version="1.0" encoding="UTF-8"?>
<!-- Generated by org.testng.reporters.JUnitReportReporter -->
<testsuite hostname="DESKTOP-O3CNH6A" failures="0" tests="1" name="com.pom.testcases.TestCaseNo1" time="5.312" errors="0" timestamp="2023-03-09T18:37:57 IST" skipped="0">
  <testcase classname="com.pom.testcases.TestCaseNo1" name="LoginFun" time="5.312"/>
  <system-out/>
</testsuite> <!-- com.pom.testcases.TestCaseNo1 -->
